<?xml version="1.0" encoding="UTF-8"?>
<!-- Generated by org.testng.reporters.JUnitXMLReporter -->
<testsuite ignored="0" hostname="PRASANTH" failures="0" tests="4" name="Default test" time="7.576" errors="0" timestamp="2025-07-29T10:52:52 IST">
  <testcase classname="demo.SecondTest" name="DeleteMethod" time="2.567"/>
  <testcase classname="demo.SecondTest" name="GETTest1" time="3.604"/>
  <testcase classname="demo.SecondTest" name="PatchTest" time="0.748"/>
  <testcase classname="demo.SecondTest" name="PutTest" time="0.59"/>
</testsuite> <!-- Default test -->
