<?xml version="1.0" encoding="UTF-8"?>
<testng-results ignored="0" total="1" passed="1" failed="0" skipped="0">
  <reporter-output>
  </reporter-output>
  <suite started-at="2025-08-02T22:23:16 IST" name="Default suite" finished-at="2025-08-02T22:23:19 IST" duration-ms="3858">
    <groups>
    </groups>
    <test started-at="2025-08-02T22:23:16 IST" name="Default test" finished-at="2025-08-02T22:23:19 IST" duration-ms="3858">
      <class name="demo.PatchMethods">
        <test-method signature="PatchTest()[pri:0, instance:demo.PatchMethods@5b8dfcc1]" started-at="2025-08-02T22:23:16 IST" name="PatchTest" finished-at="2025-08-02T22:23:19 IST" duration-ms="3789" status="PASS">
          <reporter-output>
          </reporter-output>
        </test-method> <!-- PatchTest -->
      </class> <!-- demo.PatchMethods -->
    </test> <!-- Default test -->
  </suite> <!-- Default suite -->
</testng-results>
