<?xml version="1.0" encoding="UTF-8"?>
<!-- Generated by org.testng.reporters.JUnitReportReporter -->
<testsuite hostname="PRASANTH" failures="0" tests="4" name="demo.SecondTest" time="7.509" errors="0" timestamp="2025-07-29T10:52:52 IST" skipped="0">
  <testcase classname="demo.SecondTest" name="DeleteMethod" time="2.567"/>
  <testcase classname="demo.SecondTest" name="PatchTest" time="0.748"/>
  <testcase classname="demo.SecondTest" name="GETTest1" time="3.604"/>
  <testcase classname="demo.SecondTest" name="PutTest" time="0.590"/>
</testsuite> <!-- demo.SecondTest -->
